{"/home/jaques/NodeProjects/memoization/src/memoizaton.js":{"path":"/home/jaques/NodeProjects/memoization/src/memoizaton.js","s":{"1":1,"2":11,"3":11,"4":26,"5":26,"6":25,"7":16,"8":16,"9":4,"10":4,"11":25,"12":1,"13":1,"14":28,"15":28,"16":1,"17":27,"18":8,"19":27,"20":1},"b":{"1":[16,9],"2":[4,12],"3":[1,27],"4":[8,19],"5":[27,20],"6":[7,20]},"f":{"1":11},"fnMap":{"1":{"name":"memoize","line":29,"loc":{"start":{"line":29,"column":0},"end":{"line":29,"column":42}}}},"statementMap":{"1":{"start":{"line":29,"column":0},"end":{"line":53,"column":1}},"2":{"start":{"line":32,"column":2},"end":{"line":32,"column":23}},"3":{"start":{"line":34,"column":2},"end":{"line":52,"column":4}},"4":{"start":{"line":35,"column":4},"end":{"line":51,"column":5}},"5":{"start":{"line":37,"column":6},"end":{"line":37,"column":56}},"6":{"start":{"line":40,"column":6},"end":{"line":47,"column":7}},"7":{"start":{"line":41,"column":8},"end":{"line":41,"column":49}},"8":{"start":{"line":44,"column":8},"end":{"line":46,"column":9}},"9":{"start":{"line":45,"column":10},"end":{"line":45,"column":64}},"10":{"start":{"line":45,"column":27},"end":{"line":45,"column":53}},"11":{"start":{"line":48,"column":6},"end":{"line":48,"column":33}},"12":{"start":{"line":50,"column":6},"end":{"line":50,"column":37}},"13":{"start":{"line":55,"column":0},"end":{"line":68,"column":2}},"14":{"start":{"line":56,"column":2},"end":{"line":56,"column":25}},"15":{"start":{"line":57,"column":2},"end":{"line":59,"column":3}},"16":{"start":{"line":58,"column":4},"end":{"line":58,"column":78}},"17":{"start":{"line":63,"column":2},"end":{"line":65,"column":3}},"18":{"start":{"line":64,"column":4},"end":{"line":64,"column":40}},"19":{"start":{"line":67,"column":2},"end":{"line":67,"column":49}},"20":{"start":{"line":70,"column":0},"end":{"line":73,"column":2}}},"branchMap":{"1":{"line":40,"type":"if","locations":[{"start":{"line":40,"column":6},"end":{"line":40,"column":6}},{"start":{"line":40,"column":6},"end":{"line":40,"column":6}}]},"2":{"line":44,"type":"if","locations":[{"start":{"line":44,"column":8},"end":{"line":44,"column":8}},{"start":{"line":44,"column":8},"end":{"line":44,"column":8}}]},"3":{"line":57,"type":"if","locations":[{"start":{"line":57,"column":2},"end":{"line":57,"column":2}},{"start":{"line":57,"column":2},"end":{"line":57,"column":2}}]},"4":{"line":63,"type":"if","locations":[{"start":{"line":63,"column":2},"end":{"line":63,"column":2}},{"start":{"line":63,"column":2},"end":{"line":63,"column":2}}]},"5":{"line":63,"type":"binary-expr","locations":[{"start":{"line":63,"column":6},"end":{"line":63,"column":15}},{"start":{"line":63,"column":19},"end":{"line":63,"column":47}}]},"6":{"line":67,"type":"cond-expr","locations":[{"start":{"line":67,"column":20},"end":{"line":67,"column":37}},{"start":{"line":67,"column":40},"end":{"line":67,"column":48}}]}}}}